<?xml version="1.0" encoding="UTF-8"?>
<!-- Generated by org.testng.reporters.JUnitReportReporter -->
<testsuite hostname="LAPTOP-9H5OV752" failures="0" tests="1" name="PokemonGet2" time="1.988" errors="0" timestamp="2020-12-03T15:30:31 IST" skipped="0">
  <testcase classname="PokemonGet2" name="Get" time="1.988"/>
  <system-out/>
</testsuite> <!-- PokemonGet2 -->
