<?xml version="1.0" encoding="UTF-8"?>
<!-- Generated by org.testng.reporters.JUnitReportReporter -->
<testsuite hostname="LAPTOP-9H5OV752" failures="0" tests="1" name="Test_Post" time="1.892" errors="0" timestamp="2020-12-02T18:03:27 IST" skipped="0">
  <testcase classname="Test_Post" name="Test_02_post" time="1.892"/>
  <system-out/>
</testsuite> <!-- Test_Post -->
