<?xml version="1.0" encoding="UTF-8"?>
<!-- Generated by org.testng.reporters.JUnitReportReporter -->
<testsuite hostname="LAPTOP-9H5OV752" failures="0" tests="1" name="Desearialization" time="2.122" errors="0" timestamp="2020-12-04T16:42:57 IST" skipped="0">
  <testcase classname="Desearialization" name="DeTest" time="2.122"/>
  <system-out/>
</testsuite> <!-- Desearialization -->
