<?xml version="1.0" encoding="UTF-8"?>
<!-- Generated by org.testng.reporters.JUnitReportReporter -->
<testsuite hostname="LAPTOP-9H5OV752" failures="0" tests="1" name="PokemonGet1" time="2.052" errors="0" timestamp="2020-12-03T15:29:02 IST" skipped="0">
  <testcase classname="PokemonGet1" name="Get" time="2.052"/>
  <system-out/>
</testsuite> <!-- PokemonGet1 -->
