<?xml version="1.0" encoding="UTF-8"?>
<!-- Generated by org.testng.reporters.JUnitReportReporter -->
<testsuite hostname="LAPTOP-9H5OV752" failures="0" tests="1" name="Test_GET" time="1.974" errors="0" timestamp="2020-12-02T17:22:50 IST" skipped="0">
  <testcase classname="Test_GET" name="test_1" time="1.974"/>
  <system-out/>
</testsuite> <!-- Test_GET -->
