<?xml version="1.0" encoding="UTF-8"?>
<!-- Generated by org.testng.reporters.JUnitReportReporter -->
<testsuite hostname="LAPTOP-9H5OV752" failures="0" tests="1" name="GetPokemon3" time="1.945" errors="0" timestamp="2020-12-03T15:33:14 IST" skipped="0">
  <testcase classname="GetPokemon3" name="Get" time="1.945"/>
  <system-out/>
</testsuite> <!-- GetPokemon3 -->
