<?xml version="1.0" encoding="UTF-8"?>
<!-- Generated by org.testng.reporters.JUnitReportReporter -->
<testsuite hostname="LAPTOP-9H5OV752" failures="0" tests="2" name="Get" time="2.075" errors="0" timestamp="2020-12-02T16:18:24 IST" skipped="0">
  <testcase classname="Get" name="testPost" time="0.498"/>
  <system-out/>
  <testcase classname="Get" name="testGet" time="1.577"/>
  <system-out/>
</testsuite> <!-- Get -->
